2025-02-13 17:06:44,708 device_control_log INFO: Sending command: STATUS
2025-02-13 17:06:44,708 device_control_log INFO: Response received: [Mock Response] STATUS 17:06:44
2025-02-13 17:06:44,708 device_control_log INFO: Sending command: MOVE FORWARD 10
2025-02-13 17:06:44,708 device_control_log INFO: Response received: [Mock Response] MOVE FORWARD 10 17:06:44
2025-02-13 17:06:44,708 device_control_log INFO: Sending command: ROTATE 90
2025-02-13 17:06:44,708 device_control_log INFO: Response received: [Mock Response] ROTATE 90 17:06:44
2025-02-13 17:06:44,708 device_control_log INFO: Sending command: STOP
2025-02-13 17:06:44,708 device_control_log INFO: Response received: [Mock Response] STOP 17:06:44
2025-02-13 17:06:44,708 device_control_log INFO: Closing RobotController connection
2025-03-22 12:51:17,639 device_control_log INFO: Sending command: liquid_transfer_finish
2025-03-22 12:52:04,660 device_control_log INFO: Sending command: liquid_transfer_finish
2025-03-22 12:53:17,394 device_control_log INFO: Sending command: liquid_transfer_finish
2025-03-22 12:54:19,261 device_control_log INFO: Sending command: trasfer_flask(3,4)
2025-03-22 12:54:46,264 device_control_log INFO: Sending command: liquid_transfer_finish
2025-03-22 12:55:45,369 device_control_log INFO: Sending command: liquid_transfer_finish
2025-03-22 12:57:04,712 device_control_log INFO: Sending command: liquid_transfer_finish
2025-03-22 12:58:24,433 device_control_log INFO: Sending command: liquid_transfer_finish
2025-03-22 12:59:41,679 device_control_log INFO: Sending command: liquid_transfer_finish
2025-03-22 13:23:00,320 device_control_log INFO: Sending command: start
2025-03-22 13:23:02,742 device_control_log INFO: Sending command: trasfer_flask(7,17)
2025-03-22 13:27:33,238 device_control_log INFO: Sending command: inject_sample_finish
2025-03-22 13:29:30,451 device_control_log INFO: Sending command: liquid_transfer_finish
2025-03-22 13:30:11,451 device_control_log INFO: Sending command: liquid_transfer_finish
2025-03-22 13:37:25,933 device_control_log INFO: Sending command: start
2025-03-22 13:37:27,008 device_control_log INFO: Sending command: trasfer_flask(7,17)
2025-03-22 13:39:39,138 device_control_log INFO: Sending command: inject_sample_finish
2025-03-22 13:45:58,526 device_control_log INFO: Sending command: liquid_transfer_finish
2025-03-22 13:46:16,659 device_control_log INFO: Sending command: liquid_transfer_finish
2025-03-22 13:47:01,298 device_control_log INFO: Sending command: liquid_transfer_finish
2025-03-22 13:47:39,907 device_control_log INFO: Sending command: liquid_transfer_finish
2025-03-22 13:48:27,951 device_control_log INFO: Sending command: liquid_transfer_finish
2025-03-22 14:07:07,578 device_control_log INFO: Sending command: start
2025-03-22 14:07:08,716 device_control_log INFO: Sending command: trasfer_flask(7,17)
2025-03-22 14:07:51,595 device_control_log INFO: Sending command: start
2025-03-22 14:07:52,834 device_control_log INFO: Sending command: trasfer_flask(7,17)
2025-03-22 14:11:00,044 device_control_log INFO: Sending command: inject_sample_finish
2025-03-22 14:14:19,006 device_control_log INFO: Sending command: liquid_transfer_finish
2025-03-22 14:14:38,064 device_control_log INFO: Sending command: liquid_transfer_finish
2025-03-22 14:15:27,954 device_control_log INFO: Sending command: liquid_transfer_finish
2025-03-22 14:16:09,848 device_control_log INFO: Sending command: liquid_transfer_finish
2025-03-22 14:17:43,824 device_control_log INFO: Sending command: liquid_transfer_finish
2025-03-22 14:19:36,531 device_control_log INFO: Sending command: liquid_transfer_finish
2025-03-22 14:20:08,372 device_control_log INFO: Sending command: liquid_transfer_finish
2025-03-22 14:21:11,106 device_control_log INFO: Sending command: liquid_transfer_finish
2025-03-22 14:21:27,452 device_control_log INFO: Sending command: liquid_transfer_finish
2025-03-22 14:22:03,829 device_control_log INFO: Sending command: liquid_transfer_finish
2025-03-22 14:22:57,354 device_control_log INFO: Sending command: liquid_transfer_finish
2025-03-22 14:23:34,221 device_control_log INFO: Sending command: liquid_transfer_finish
2025-03-22 14:24:05,447 device_control_log INFO: Sending command: liquid_transfer_finish
2025-03-22 14:52:20,754 device_control_log INFO: Sending command: start
2025-03-22 14:52:22,076 device_control_log INFO: Sending command: trasfer_flask(7,17)
2025-03-22 14:59:30,151 device_control_log INFO: Sending command: start
2025-03-22 14:59:31,571 device_control_log INFO: Sending command: trasfer_flask(7,17)
2025-03-22 15:02:40,865 device_control_log INFO: Sending command: inject_sample_finish
2025-03-22 15:08:35,854 device_control_log INFO: Sending command: liquid_transfer_finish
2025-03-22 15:08:52,608 device_control_log INFO: Sending command: liquid_transfer_finish
2025-03-22 15:09:17,545 device_control_log INFO: Sending command: liquid_transfer_finish
2025-03-22 15:09:46,344 device_control_log INFO: Sending command: liquid_transfer_finish
2025-03-22 15:09:56,127 device_control_log INFO: Sending command: liquid_transfer_finish
2025-03-22 15:10:49,383 device_control_log INFO: Sending command: liquid_transfer_finish
2025-03-22 15:11:05,193 device_control_log INFO: Sending command: liquid_transfer_finish
2025-03-22 15:11:38,642 device_control_log INFO: Sending command: liquid_transfer_finish
2025-03-22 15:11:52,881 device_control_log INFO: Sending command: liquid_transfer_finish
2025-03-22 15:12:36,702 device_control_log INFO: Sending command: liquid_transfer_finish
2025-03-22 15:13:30,693 device_control_log INFO: Sending command: liquid_transfer_finish
2025-03-22 15:18:13,843 device_control_log INFO: Sending command: liquid_transfer_finish
2025-03-22 15:24:23,369 device_control_log INFO: Sending command: liquid_transfer_finish
2025-03-22 15:35:52,572 device_control_log INFO: Sending command: start
2025-03-22 15:35:53,937 device_control_log INFO: Sending command: trasfer_flask(7,17)
2025-03-22 15:43:05,949 device_control_log INFO: Sending command: start
2025-03-22 15:43:07,071 device_control_log INFO: Sending command: trasfer_flask(7,17)
2025-03-22 15:45:39,545 device_control_log INFO: Sending command: inject_sample_finish
2025-03-22 15:50:59,744 device_control_log INFO: Sending command: liquid_transfer_finish
2025-03-22 15:51:09,247 device_control_log INFO: Sending command: liquid_transfer_finish
2025-03-22 15:51:40,438 device_control_log INFO: Sending command: liquid_transfer_finish
2025-03-22 15:54:38,734 device_control_log INFO: Sending command: liquid_transfer_finish
2025-03-22 15:55:04,482 device_control_log INFO: Sending command: liquid_transfer_finish
2025-03-22 15:56:28,101 device_control_log INFO: Sending command: liquid_transfer_finish
2025-03-22 15:56:42,342 device_control_log INFO: Sending command: liquid_transfer_finish
2025-03-22 15:56:51,153 device_control_log INFO: Sending command: trasfer_flask(7,17)
2025-03-22 15:57:44,135 device_control_log INFO: Sending command: liquid_transfer_finish
2025-03-22 15:57:59,279 device_control_log INFO: Sending command: liquid_transfer_finish
2025-03-22 15:58:28,784 device_control_log INFO: Sending command: liquid_transfer_finish
2025-03-22 16:35:35,965 device_control_log INFO: Sending command: liquid_transfer_finish
2025-03-22 16:35:42,313 device_control_log INFO: Sending command: liquid_transfer_finish
2025-03-22 16:35:51,163 device_control_log INFO: Sending command: liquid_transfer_finish
2025-03-22 16:36:06,812 device_control_log INFO: Sending command: liquid_transfer_finish
2025-03-22 16:36:31,513 device_control_log INFO: Sending command: liquid_transfer_finish
2025-03-22 16:36:50,350 device_control_log INFO: Sending command: liquid_transfer_finish
2025-03-22 16:37:13,403 device_control_log INFO: Sending command: liquid_transfer_finish
2025-03-22 16:38:09,833 device_control_log INFO: Sending command: liquid_transfer_finish
2025-03-22 16:38:49,469 device_control_log INFO: Sending command: liquid_transfer_finish
2025-03-22 16:39:17,118 device_control_log INFO: Sending command: liquid_transfer_finish
