2025-03-19 10:58:44,911 service_control_log DEBUG: TEST: This is a debug log for service control.
2025-03-19 10:58:44,911 service_control_log INFO: 步骤: 初始化设备, 状态: success, 消息: Device initialized
2025-03-19 10:58:46,355 service_control_log INFO: 步骤: 机器人放色谱柱, 状态: success, 消息: Robot placed column 2
2025-03-19 10:58:46,531 service_control_log INFO: 步骤: 机器人放试剂瓶, 状态: success, 消息: Robot placed reagent bottle 1
2025-03-19 10:58:46,696 service_control_log INFO: 步骤: 冲洗色谱柱, 状态: success, 消息: 
2025-03-19 10:58:46,850 service_control_log INFO: 步骤: 机器人进样, 状态: success, 消息: Robot injected 5mL of 二苯甲酮
2025-03-19 10:58:47,005 service_control_log INFO: 步骤: 过柱（梯度洗脱）, 状态: success, 消息: Column operation started
2025-03-19 10:58:47,170 service_control_log INFO: 步骤: 保存实验数据, 状态: success, 消息: Experiment data saved
2025-03-19 10:58:47,313 service_control_log INFO: 步骤: 机器人旋蒸上样, 状态: success, 消息: Robot evaporated sample in bottle 1
2025-03-19 10:58:47,459 service_control_log INFO: 步骤: 旋蒸运行, 状态: success, 消息: Evaporation process running
2025-03-19 10:58:47,618 service_control_log INFO: 步骤: 收集装置清洗复位, 状态: success, 消息: Collector cleaned and reset
2025-03-19 10:58:47,782 service_control_log INFO: 步骤: 机器人旋蒸下样, 状态: success, 消息: Robot collected evaporated sample from bottle 1
2025-03-19 10:58:47,928 service_control_log INFO: 步骤: 机器人下样，样品入库, 状态: success, 消息: Robot stored sample from bottle 2
2025-03-19 10:58:48,084 service_control_log INFO: 步骤: 终止实验, 状态: success, 消息: Experiment terminated
2025-03-22 11:22:11,611 service_control_log DEBUG: TEST: This is a debug log for service control.
2025-03-22 11:36:31,398 service_control_log DEBUG: TEST: This is a debug log for service control.
2025-03-22 11:36:55,968 service_control_log INFO: 步骤: 过柱（梯度洗脱）, 状态: success, 消息: Column operation started
2025-03-22 11:38:23,211 service_control_log DEBUG: TEST: This is a debug log for service control.
2025-03-22 11:39:40,766 service_control_log DEBUG: TEST: This is a debug log for service control.
2025-03-22 11:40:31,267 service_control_log DEBUG: TEST: This is a debug log for service control.
2025-03-22 12:13:17,596 service_control_log DEBUG: TEST: This is a debug log for service control.
2025-03-22 12:14:05,403 service_control_log INFO: 步骤: 旋蒸运行, 状态: success, 消息: Evaporation process running
2025-03-22 12:14:42,311 service_control_log INFO: 步骤: 停止悬蒸, 状态: success, 消息: Evaporation process running
2025-03-22 12:14:45,964 service_control_log INFO: 步骤: 停止悬蒸, 状态: success, 消息: Evaporation process running
2025-03-22 12:21:24,932 service_control_log DEBUG: TEST: This is a debug log for service control.
2025-03-22 12:23:11,915 service_control_log DEBUG: TEST: This is a debug log for service control.
2025-03-22 12:23:37,960 service_control_log INFO: 步骤: 停止悬蒸, 状态: success, 消息: Evaporation process running
2025-03-22 12:23:52,113 service_control_log INFO: 步骤: 停止悬蒸, 状态: success, 消息: Evaporation process running
2025-03-22 12:24:14,811 service_control_log DEBUG: TEST: This is a debug log for service control.
2025-03-22 12:24:51,816 service_control_log INFO: 步骤: 旋蒸运行, 状态: success, 消息: Evaporation process running
2025-03-22 12:25:02,947 service_control_log INFO: 步骤: 停止悬蒸, 状态: success, 消息: Evaporation process running
2025-03-22 12:25:23,572 service_control_log DEBUG: TEST: This is a debug log for service control.
2025-03-22 12:25:49,218 service_control_log INFO: 步骤: 停止悬蒸, 状态: success, 消息: Evaporation process running
2025-03-22 12:26:20,282 service_control_log DEBUG: TEST: This is a debug log for service control.
2025-03-22 12:26:36,987 service_control_log DEBUG: TEST: This is a debug log for service control.
2025-03-22 12:27:05,134 service_control_log INFO: 步骤: 停止悬蒸, 状态: success, 消息: Evaporation process running
2025-03-22 12:27:13,239 service_control_log INFO: 步骤: 停止悬蒸, 状态: success, 消息: Evaporation process running
2025-03-22 12:27:20,780 service_control_log INFO: 步骤: 停止悬蒸, 状态: success, 消息: Evaporation process running
2025-03-22 12:33:28,726 service_control_log DEBUG: TEST: This is a debug log for service control.
2025-03-22 12:34:04,373 service_control_log DEBUG: TEST: This is a debug log for service control.
2025-03-22 12:34:44,299 service_control_log INFO: 步骤: 旋蒸运行, 状态: success, 消息: Evaporation process running
2025-03-22 12:35:02,429 service_control_log INFO: 步骤: 停止悬蒸, 状态: success, 消息: Evaporation process running
2025-03-22 12:40:05,733 service_control_log DEBUG: TEST: This is a debug log for service control.
2025-03-22 12:40:32,863 service_control_log INFO: 步骤: 旋蒸运行, 状态: success, 消息: Evaporation process running
2025-03-22 12:40:44,819 service_control_log INFO: 步骤: 停止悬蒸, 状态: success, 消息: Evaporation process running
2025-03-22 12:41:44,952 service_control_log INFO: 步骤: 终止实验, 状态: success, 消息: Start Gear
2025-03-22 12:43:56,172 service_control_log DEBUG: TEST: This is a debug log for service control.
2025-03-22 12:46:52,893 service_control_log DEBUG: TEST: This is a debug log for service control.
2025-03-22 12:48:55,857 service_control_log DEBUG: TEST: This is a debug log for service control.
2025-03-22 12:49:33,769 service_control_log DEBUG: TEST: This is a debug log for service control.
2025-03-22 12:50:07,712 service_control_log INFO: 步骤: 机器人转移剩余物质到小瓶（蠕动泵）, 状态: success, 消息: Start Peristaltic
2025-03-22 12:51:48,083 service_control_log INFO: 步骤: 终止实验, 状态: success, 消息: Start Gear
2025-03-22 12:52:55,576 service_control_log INFO: 步骤: 机器人转移剩余物质到小瓶（蠕动泵）, 状态: success, 消息: Start Peristaltic
2025-03-22 12:53:58,858 service_control_log INFO: 步骤: 终止实验, 状态: success, 消息: Start Gear
2025-03-22 12:54:19,263 service_control_log INFO: 步骤: 机器人放色谱柱, 状态: success, 消息: Robot placed column 3
2025-03-22 12:55:11,847 service_control_log INFO: 步骤: 机器人转移剩余物质到小瓶（蠕动泵）, 状态: success, 消息: Start Peristaltic
2025-03-22 12:57:31,217 service_control_log INFO: 步骤: 旋蒸运行, 状态: success, 消息: Evaporation process running
2025-03-22 12:58:17,954 service_control_log INFO: 步骤: 停止悬蒸, 状态: success, 消息: Evaporation process running
2025-03-22 12:58:43,116 service_control_log INFO: 步骤: 排空阀打开关闭, 状态: success, 消息: Evaporation process running
2025-03-22 13:11:21,954 service_control_log DEBUG: TEST: This is a debug log for service control.
2025-03-22 13:11:55,791 service_control_log DEBUG: TEST: This is a debug log for service control.
2025-03-22 13:13:02,136 service_control_log DEBUG: TEST: This is a debug log for service control.
2025-03-22 13:13:21,714 service_control_log DEBUG: TEST: This is a debug log for service control.
2025-03-22 13:15:31,738 service_control_log DEBUG: TEST: This is a debug log for service control.
2025-03-22 13:17:06,969 service_control_log DEBUG: TEST: This is a debug log for service control.
2025-03-22 13:18:00,702 service_control_log DEBUG: TEST: This is a debug log for service control.
2025-03-22 13:22:08,406 service_control_log DEBUG: TEST: This is a debug log for service control.
2025-03-22 13:22:26,374 service_control_log DEBUG: TEST: This is a debug log for service control.
2025-03-22 13:22:43,980 service_control_log DEBUG: TEST: This is a debug log for service control.
2025-03-22 13:23:00,321 service_control_log INFO: 步骤: 机械臂开始, 状态: success, 消息: Robot start
2025-03-22 13:23:02,743 service_control_log INFO: 步骤: 机器人放色谱柱, 状态: success, 消息: Robot placed column 7
2025-03-22 13:25:36,156 service_control_log INFO: 步骤: 冲洗色谱柱, 状态: success, 消息: {'message': 'People Refilling tasks successfully', 'point': {}}
2025-03-22 13:27:12,004 service_control_log INFO: 步骤: 机器人进样, 状态: success, 消息: Robot injected 30mL
2025-03-22 13:27:33,239 service_control_log INFO: 步骤: 液体转移成功, 状态: success, 消息: Robot Transfer
2025-03-22 13:37:08,992 service_control_log DEBUG: TEST: This is a debug log for service control.
2025-03-22 13:37:25,934 service_control_log INFO: 步骤: 机械臂开始, 状态: success, 消息: Robot start
2025-03-22 13:37:27,009 service_control_log INFO: 步骤: 机器人放色谱柱, 状态: success, 消息: Robot placed column 7
2025-03-22 13:38:14,823 service_control_log INFO: 步骤: 冲洗色谱柱, 状态: success, 消息: {'message': 'People Refilling tasks successfully', 'point': {}}
2025-03-22 13:39:01,166 service_control_log INFO: 步骤: 冲洗色谱柱, 状态: success, 消息: {'message': 'People Refilling tasks successfully', 'point': {}}
2025-03-22 13:39:18,984 service_control_log INFO: 步骤: 机器人进样, 状态: success, 消息: Robot injected 30mL
2025-03-22 13:39:39,139 service_control_log INFO: 步骤: 液体转移成功, 状态: success, 消息: Robot Transfer
2025-03-22 13:39:48,317 service_control_log INFO: 步骤: 机器人进样, 状态: success, 消息: Robot injected 30mL
2025-03-22 13:41:53,571 service_control_log INFO: 步骤: 过柱（梯度洗脱）, 状态: success, 消息: Column operation started
2025-03-22 13:44:50,306 service_control_log INFO: 步骤: 终止实验, 状态: success, 消息: Experiment terminated
2025-03-22 13:45:07,391 service_control_log INFO: 步骤: 保存实验数据, 状态: success, 消息: 实验数据已保存
2025-03-22 13:47:07,876 service_control_log INFO: 步骤: 旋蒸运行, 状态: success, 消息: Evaporation process running
2025-03-22 13:47:22,388 service_control_log INFO: 步骤: 收集装置清洗复位, 状态: success, 消息: Collector cleaned and reset
2025-03-22 13:47:35,197 service_control_log INFO: 步骤: 停止悬蒸, 状态: success, 消息: Evaporation process running
2025-03-22 13:47:47,105 service_control_log INFO: 步骤: 排空阀打开关闭, 状态: success, 消息: Evaporation process running
2025-03-22 13:49:30,544 service_control_log DEBUG: TEST: This is a debug log for service control.
2025-03-22 13:50:03,386 service_control_log DEBUG: TEST: This is a debug log for service control.
2025-03-22 13:50:54,263 service_control_log DEBUG: TEST: This is a debug log for service control.
2025-03-22 13:52:26,037 service_control_log DEBUG: TEST: This is a debug log for service control.
2025-03-22 13:53:08,057 service_control_log DEBUG: TEST: This is a debug log for service control.
2025-03-22 14:07:00,964 service_control_log DEBUG: TEST: This is a debug log for service control.
2025-03-22 14:07:07,579 service_control_log INFO: 步骤: 机械臂开始, 状态: success, 消息: Robot start
2025-03-22 14:07:08,716 service_control_log INFO: 步骤: 机器人放色谱柱, 状态: success, 消息: Robot placed column 7
2025-03-22 14:07:37,425 service_control_log DEBUG: TEST: This is a debug log for service control.
2025-03-22 14:07:51,596 service_control_log INFO: 步骤: 机械臂开始, 状态: success, 消息: Robot start
2025-03-22 14:07:52,835 service_control_log INFO: 步骤: 机器人放色谱柱, 状态: success, 消息: Robot placed column 7
2025-03-22 14:08:58,392 service_control_log INFO: 步骤: 冲洗色谱柱, 状态: success, 消息: {'message': 'People Refilling tasks successfully', 'point': {}}
2025-03-22 14:09:39,545 service_control_log INFO: 步骤: 机器人进样, 状态: success, 消息: Robot injected 30000mL
2025-03-22 14:11:00,045 service_control_log INFO: 步骤: 液体转移成功, 状态: success, 消息: Robot Transfer
2025-03-22 14:11:22,984 service_control_log INFO: 步骤: 过柱（梯度洗脱）, 状态: success, 消息: Column operation started
2025-03-22 14:12:40,279 service_control_log INFO: 步骤: 终止实验, 状态: success, 消息: Experiment terminated
2025-03-22 14:13:05,684 service_control_log INFO: 步骤: 保存实验数据, 状态: success, 消息: 实验数据已保存
2025-03-22 14:15:34,216 service_control_log INFO: 步骤: 旋蒸运行, 状态: success, 消息: Evaporation process running
2025-03-22 14:15:47,162 service_control_log INFO: 步骤: 收集装置清洗复位, 状态: success, 消息: Collector cleaned and reset
2025-03-22 14:16:04,353 service_control_log INFO: 步骤: 停止悬蒸, 状态: success, 消息: Evaporation process running
2025-03-22 14:16:19,601 service_control_log INFO: 步骤: 排空阀打开关闭, 状态: success, 消息: Evaporation process running
2025-03-22 14:18:45,822 service_control_log INFO: 步骤: 机器人转移剩余物质到小瓶（蠕动泵）, 状态: success, 消息: Start Peristaltic
2025-03-22 14:19:58,914 service_control_log INFO: 步骤: 终止实验, 状态: success, 消息: Start Gear
2025-03-22 14:20:17,907 service_control_log INFO: 步骤: 机器人转移剩余物质到小瓶（蠕动泵）, 状态: success, 消息: Start Peristaltic
2025-03-22 14:20:42,287 service_control_log INFO: 步骤: 机器人转移剩余物质到小瓶（蠕动泵）, 状态: success, 消息: Start Peristaltic
2025-03-22 14:21:21,822 service_control_log INFO: 步骤: 终止实验, 状态: success, 消息: Start Gear
2025-03-22 14:21:37,148 service_control_log INFO: 步骤: 机器人转移剩余物质到小瓶（蠕动泵）, 状态: success, 消息: Start Peristaltic
2025-03-22 14:23:12,761 service_control_log INFO: 步骤: 旋蒸运行, 状态: success, 消息: Evaporation process running
2025-03-22 14:23:29,337 service_control_log INFO: 步骤: 停止悬蒸, 状态: success, 消息: Evaporation process running
2025-03-22 14:25:02,727 service_control_log DEBUG: TEST: This is a debug log for service control.
2025-03-22 14:29:44,839 service_control_log DEBUG: TEST: This is a debug log for service control.
2025-03-22 14:31:47,646 service_control_log DEBUG: TEST: This is a debug log for service control.
2025-03-22 14:45:13,161 service_control_log DEBUG: TEST: This is a debug log for service control.
2025-03-22 14:45:32,352 service_control_log INFO: 步骤: 旋蒸运行, 状态: success, 消息: Evaporation process running
2025-03-22 14:46:02,850 service_control_log INFO: 步骤: 停止悬蒸, 状态: success, 消息: Evaporation process running
2025-03-22 14:46:13,594 service_control_log INFO: 步骤: 排空阀打开关闭, 状态: success, 消息: Evaporation process running
2025-03-22 14:49:24,257 service_control_log DEBUG: TEST: This is a debug log for service control.
2025-03-22 14:52:20,755 service_control_log INFO: 步骤: 机械臂开始, 状态: success, 消息: Robot start
2025-03-22 14:52:22,077 service_control_log INFO: 步骤: 机器人放色谱柱, 状态: success, 消息: Robot placed column 7
2025-03-22 14:58:41,236 service_control_log DEBUG: TEST: This is a debug log for service control.
2025-03-22 14:59:30,152 service_control_log INFO: 步骤: 机械臂开始, 状态: success, 消息: Robot start
2025-03-22 14:59:31,572 service_control_log INFO: 步骤: 机器人放色谱柱, 状态: success, 消息: Robot placed column 7
2025-03-22 15:00:11,094 service_control_log INFO: 步骤: 冲洗色谱柱, 状态: success, 消息: {'message': 'People Refilling tasks successfully', 'point': {}}
2025-03-22 15:00:42,572 service_control_log INFO: 步骤: 机器人进样, 状态: success, 消息: Robot injected 30000mL
2025-03-22 15:02:40,866 service_control_log INFO: 步骤: 液体转移成功, 状态: success, 消息: Robot Transfer
2025-03-22 15:03:12,957 service_control_log INFO: 步骤: 过柱（梯度洗脱）, 状态: success, 消息: Column operation started
2025-03-22 15:06:42,038 service_control_log INFO: 步骤: 终止实验, 状态: success, 消息: Experiment terminated
2025-03-22 15:07:02,425 service_control_log INFO: 步骤: 保存实验数据, 状态: success, 消息: 实验数据已保存
2025-03-22 15:09:23,498 service_control_log INFO: 步骤: 旋蒸运行, 状态: success, 消息: Evaporation process running
2025-03-22 15:09:35,449 service_control_log INFO: 步骤: 收集装置清洗复位, 状态: success, 消息: Collector cleaned and reset
2025-03-22 15:09:43,950 service_control_log INFO: 步骤: 停止悬蒸, 状态: success, 消息: Evaporation process running
2025-03-22 15:09:51,414 service_control_log INFO: 步骤: 排空阀打开关闭, 状态: success, 消息: Evaporation process running
2025-03-22 15:10:23,237 service_control_log INFO: 步骤: 机器人转移剩余物质到小瓶（蠕动泵）, 状态: success, 消息: Start Peristaltic
2025-03-22 15:10:57,881 service_control_log INFO: 步骤: 终止实验, 状态: success, 消息: Start Gear
2025-03-22 15:11:14,552 service_control_log INFO: 步骤: 机器人转移剩余物质到小瓶（蠕动泵）, 状态: success, 消息: Start Peristaltic
2025-03-22 15:11:47,219 service_control_log INFO: 步骤: 终止实验, 状态: success, 消息: Start Gear
2025-03-22 15:12:02,602 service_control_log INFO: 步骤: 机器人转移剩余物质到小瓶（蠕动泵）, 状态: success, 消息: Start Peristaltic
2025-03-22 15:13:41,456 service_control_log INFO: 步骤: 旋蒸运行, 状态: success, 消息: Evaporation process running
2025-03-22 15:18:10,130 service_control_log INFO: 步骤: 停止悬蒸, 状态: success, 消息: Evaporation process running
2025-03-22 15:18:32,018 service_control_log INFO: 步骤: 排空阀打开关闭, 状态: success, 消息: Evaporation process running
2025-03-22 15:19:05,855 service_control_log INFO: 步骤: 排空阀打开关闭, 状态: success, 消息: Evaporation process running
2025-03-22 15:20:18,591 service_control_log INFO: 步骤: 排空阀打开关闭, 状态: success, 消息: Evaporation process running
2025-03-22 15:35:01,054 service_control_log DEBUG: TEST: This is a debug log for service control.
2025-03-22 15:35:52,573 service_control_log INFO: 步骤: 机械臂开始, 状态: success, 消息: Robot start
2025-03-22 15:35:53,938 service_control_log INFO: 步骤: 机器人放色谱柱, 状态: success, 消息: Robot placed column 7
2025-03-22 15:42:19,928 service_control_log DEBUG: TEST: This is a debug log for service control.
2025-03-22 15:42:32,116 service_control_log DEBUG: TEST: This is a debug log for service control.
2025-03-22 15:43:05,949 service_control_log INFO: 步骤: 机械臂开始, 状态: success, 消息: Robot start
2025-03-22 15:43:07,072 service_control_log INFO: 步骤: 机器人放色谱柱, 状态: success, 消息: Robot placed column 7
2025-03-22 15:43:43,382 service_control_log INFO: 步骤: 冲洗色谱柱, 状态: success, 消息: {'message': 'People Refilling tasks successfully', 'point': {}}
2025-03-22 15:44:20,680 service_control_log INFO: 步骤: 机器人进样, 状态: success, 消息: Robot injected 30000mL
2025-03-22 15:45:39,546 service_control_log INFO: 步骤: 液体转移成功, 状态: success, 消息: Robot Transfer
2025-03-22 15:45:55,841 service_control_log INFO: 步骤: 过柱（梯度洗脱）, 状态: success, 消息: Column operation started
2025-03-22 15:48:36,848 service_control_log INFO: 步骤: 终止实验, 状态: success, 消息: Experiment terminated
2025-03-22 15:48:58,727 service_control_log INFO: 步骤: 保存实验数据, 状态: success, 消息: 实验数据已保存
2025-03-22 15:51:46,872 service_control_log INFO: 步骤: 旋蒸运行, 状态: success, 消息: Evaporation process running
2025-03-22 15:52:00,295 service_control_log INFO: 步骤: 收集装置清洗复位, 状态: success, 消息: Collector cleaned and reset
2025-03-22 15:54:34,340 service_control_log INFO: 步骤: 停止悬蒸, 状态: success, 消息: Evaporation process running
2025-03-22 15:54:44,458 service_control_log INFO: 步骤: 排空阀打开关闭, 状态: success, 消息: Evaporation process running
2025-03-22 15:55:26,131 service_control_log INFO: 步骤: 机器人转移剩余物质到小瓶（蠕动泵）, 状态: success, 消息: Start Peristaltic
2025-03-22 15:56:36,562 service_control_log INFO: 步骤: 终止实验, 状态: success, 消息: Start Gear
2025-03-22 15:56:51,154 service_control_log INFO: 步骤: 机器人放色谱柱, 状态: success, 消息: Robot placed column 7
2025-03-22 15:57:04,699 service_control_log INFO: 步骤: 机器人转移剩余物质到小瓶（蠕动泵）, 状态: success, 消息: Start Peristaltic
2025-03-22 15:57:52,485 service_control_log INFO: 步骤: 终止实验, 状态: success, 消息: Start Gear
2025-03-22 15:58:08,585 service_control_log INFO: 步骤: 机器人转移剩余物质到小瓶（蠕动泵）, 状态: success, 消息: Start Peristaltic
2025-03-22 16:07:01,482 service_control_log DEBUG: TEST: This is a debug log for service control.
2025-03-22 16:07:28,475 service_control_log DEBUG: TEST: This is a debug log for service control.
2025-03-22 16:08:02,323 service_control_log DEBUG: TEST: This is a debug log for service control.
2025-03-22 16:08:44,259 service_control_log DEBUG: TEST: This is a debug log for service control.
2025-03-22 16:09:48,291 service_control_log DEBUG: TEST: This is a debug log for service control.
2025-03-22 16:12:00,572 service_control_log DEBUG: TEST: This is a debug log for service control.
2025-03-22 16:12:38,595 service_control_log DEBUG: TEST: This is a debug log for service control.
2025-03-22 16:15:09,273 service_control_log DEBUG: TEST: This is a debug log for service control.
2025-03-22 16:15:37,762 service_control_log DEBUG: TEST: This is a debug log for service control.
2025-03-22 16:15:47,835 service_control_log DEBUG: TEST: This is a debug log for service control.
2025-03-22 16:19:46,037 service_control_log DEBUG: TEST: This is a debug log for service control.
2025-03-22 16:20:38,403 service_control_log DEBUG: TEST: This is a debug log for service control.
2025-03-22 16:20:54,408 service_control_log DEBUG: TEST: This is a debug log for service control.
2025-03-22 16:21:13,491 service_control_log DEBUG: TEST: This is a debug log for service control.
2025-03-22 16:25:10,774 service_control_log DEBUG: TEST: This is a debug log for service control.
2025-03-22 16:28:35,875 service_control_log DEBUG: TEST: This is a debug log for service control.
2025-03-22 16:28:47,990 service_control_log DEBUG: TEST: This is a debug log for service control.
2025-03-22 16:29:35,666 service_control_log DEBUG: TEST: This is a debug log for service control.
2025-03-22 16:30:00,096 service_control_log DEBUG: TEST: This is a debug log for service control.
2025-03-22 16:30:28,099 service_control_log INFO: 步骤: 机器人转移剩余物质到小瓶（蠕动泵）, 状态: success, 消息: Start Peristaltic
2025-03-22 16:33:44,209 service_control_log DEBUG: TEST: This is a debug log for service control.
2025-03-22 16:34:05,375 service_control_log INFO: 步骤: 机器人转移剩余物质到小瓶（蠕动泵）, 状态: success, 消息: Start Peristaltic
2025-03-22 16:35:59,694 service_control_log INFO: 步骤: 终止实验, 状态: success, 消息: Start Gear
2025-03-22 16:36:16,241 service_control_log INFO: 步骤: 机器人转移剩余物质到小瓶（蠕动泵）, 状态: success, 消息: Start Peristaltic
2025-03-22 16:36:40,243 service_control_log INFO: 步骤: 终止实验, 状态: success, 消息: Start Gear
2025-03-22 16:36:59,202 service_control_log INFO: 步骤: 机器人转移剩余物质到小瓶（蠕动泵）, 状态: success, 消息: Start Peristaltic
2025-03-22 16:38:21,804 service_control_log INFO: 步骤: 旋蒸运行, 状态: success, 消息: Evaporation process running
2025-03-22 16:38:46,308 service_control_log INFO: 步骤: 停止悬蒸, 状态: success, 消息: Evaporation process running
2025-03-22 16:38:59,542 service_control_log INFO: 步骤: 排空阀打开关闭, 状态: success, 消息: Evaporation process running
2025-03-28 10:17:30,214 service_control_log DEBUG: TEST: This is a debug log for service control.
2025-03-28 10:46:39,041 service_control_log DEBUG: TEST: This is a debug log for service control.
2025-03-28 10:49:00,550 service_control_log DEBUG: TEST: This is a debug log for service control.
2025-03-28 10:50:06,061 service_control_log INFO: 步骤: 冲洗色谱柱, 状态: success, 消息: {'message': 'People Refilling tasks successfully', 'point': {}}
2025-03-28 10:57:44,449 service_control_log DEBUG: TEST: This is a debug log for service control.
2025-03-28 10:58:41,319 service_control_log INFO: 步骤: 冲洗色谱柱, 状态: success, 消息: {'message': 'People Refilling tasks successfully', 'point': {}}
2025-03-28 10:59:30,552 service_control_log DEBUG: TEST: This is a debug log for service control.
2025-03-28 11:00:11,921 service_control_log INFO: 步骤: 冲洗色谱柱, 状态: success, 消息: {'message': 'People Refilling tasks successfully', 'point': {}}
2025-03-28 11:00:46,534 service_control_log DEBUG: TEST: This is a debug log for service control.
2025-03-28 11:01:23,133 service_control_log INFO: 步骤: 冲洗色谱柱, 状态: success, 消息: {'message': 'People Refilling tasks successfully', 'point': {}}
2025-03-28 11:05:00,258 service_control_log DEBUG: TEST: This is a debug log for service control.
2025-03-28 11:05:37,050 service_control_log INFO: 步骤: 冲洗色谱柱, 状态: success, 消息: {'message': 'People Refilling tasks successfully', 'point': {}}
2025-03-28 11:06:53,707 service_control_log DEBUG: TEST: This is a debug log for service control.
2025-03-28 11:08:09,384 service_control_log DEBUG: TEST: This is a debug log for service control.
2025-03-28 11:08:43,332 service_control_log INFO: 步骤: 冲洗色谱柱, 状态: success, 消息: {'message': 'People Refilling tasks successfully', 'point': {}}
2025-03-28 11:09:37,866 service_control_log INFO: 步骤: 过柱（梯度洗脱）, 状态: success, 消息: Column operation started
2025-03-28 11:09:56,412 service_control_log INFO: 步骤: 终止实验, 状态: success, 消息: Experiment terminated
2025-03-28 11:12:33,252 service_control_log DEBUG: TEST: This is a debug log for service control.
2025-03-28 11:13:08,342 service_control_log DEBUG: TEST: This is a debug log for service control.
2025-03-28 11:13:51,099 service_control_log DEBUG: TEST: This is a debug log for service control.
2025-03-28 11:14:39,775 service_control_log DEBUG: TEST: This is a debug log for service control.
2025-03-28 11:15:55,491 service_control_log DEBUG: TEST: This is a debug log for service control.
2025-03-28 11:16:58,389 service_control_log DEBUG: TEST: This is a debug log for service control.
2025-03-28 11:17:33,965 service_control_log INFO: 步骤: 冲洗色谱柱, 状态: success, 消息: {'message': 'People Refilling tasks successfully', 'point': {}}
2025-03-28 11:18:08,187 service_control_log INFO: 步骤: 过柱（梯度洗脱）, 状态: success, 消息: Column operation started
2025-03-28 11:19:38,610 service_control_log INFO: 步骤: 终止实验, 状态: success, 消息: Experiment terminated
2025-03-28 11:42:52,779 service_control_log DEBUG: TEST: This is a debug log for service control.
2025-03-28 11:43:30,769 service_control_log DEBUG: TEST: This is a debug log for service control.
2025-03-28 11:45:19,832 service_control_log DEBUG: TEST: This is a debug log for service control.
2025-03-28 11:45:39,624 service_control_log INFO: 步骤: 人选择保留的试管, 状态: success, 消息: [{'module_id': 1, 'tube_list': [1, 2, 3]}]
2025-03-28 11:45:56,235 service_control_log DEBUG: TEST: This is a debug log for service control.
2025-03-28 11:46:32,929 service_control_log INFO: 步骤: 人选择保留的试管, 状态: success, 消息: [{'module_id': 1, 'tube_list': [1, 2, 3]}, {'module_id': 2, 'tube_list': [1, 3, 4]}]
2025-03-28 11:47:02,505 service_control_log INFO: 步骤: 收集装置清洗复位, 状态: success, 消息: Collector cleaned and reset
2025-05-23 15:17:20,883 service_control_log DEBUG: TEST: This is a debug log for service control.
2025-05-23 15:17:26,118 service_control_log INFO: 开始执行 __init__ 函数
2025-05-23 15:17:26,119 service_control_log INFO: 结束执行 __init__ 函数
2025-05-23 15:17:26,119 service_control_log INFO: 开始执行 select_retain_tubes 函数
2025-05-23 15:17:26,119 service_control_log INFO: 开始执行 find_clean_tubes 函数
2025-05-23 15:17:26,133 service_control_log INFO: 结束执行 find_clean_tubes 函数
2025-05-23 15:17:33,223 service_control_log INFO: 结束执行 execute_task 函数
2025-05-23 15:20:24,663 service_control_log DEBUG: TEST: This is a debug log for service control.
2025-05-23 15:20:27,694 service_control_log INFO: 开始执行 __init__ 函数
2025-05-23 15:20:27,694 service_control_log INFO: 结束执行 __init__ 函数
2025-05-23 15:22:16,085 service_control_log DEBUG: TEST: This is a debug log for service control.
2025-05-23 15:22:17,103 service_control_log INFO: 开始执行 __init__ 函数
2025-05-23 15:22:17,103 service_control_log INFO: 结束执行 __init__ 函数
2025-05-23 15:23:10,899 service_control_log DEBUG: TEST: This is a debug log for service control.
2025-05-23 15:23:12,027 service_control_log INFO: 开始执行 __init__ 函数
2025-05-23 15:23:12,027 service_control_log INFO: 结束执行 __init__ 函数
2025-05-23 15:32:02,348 service_control_log DEBUG: TEST: This is a debug log for service control.
2025-05-23 15:32:03,477 service_control_log INFO: 开始执行 __init__ 函数
2025-05-23 15:32:03,477 service_control_log INFO: 结束执行 __init__ 函数
2025-05-23 15:33:41,353 service_control_log DEBUG: TEST: This is a debug log for service control.
2025-05-23 15:33:42,243 service_control_log INFO: 开始执行 __init__ 函数
2025-05-23 15:33:42,243 service_control_log INFO: 结束执行 __init__ 函数
2025-05-23 15:41:35,392 service_control_log DEBUG: TEST: This is a debug log for service control.
2025-05-23 15:41:36,433 service_control_log INFO: 开始执行 __init__ 函数
2025-05-23 15:41:36,433 service_control_log INFO: 结束执行 __init__ 函数
2025-05-23 15:53:06,784 service_control_log DEBUG: TEST: This is a debug log for service control.
2025-05-23 15:53:07,787 service_control_log INFO: 开始执行 __init__ 函数
2025-05-23 15:53:07,787 service_control_log INFO: 结束执行 __init__ 函数
2025-05-23 15:53:07,787 service_control_log INFO: 开始执行 wash_column 函数
2025-05-23 15:53:07,787 service_control_log INFO: 开始执行 get_elution_curve 函数
2025-05-23 15:55:04,678 service_control_log DEBUG: TEST: This is a debug log for service control.
2025-05-23 15:55:05,633 service_control_log INFO: 开始执行 __init__ 函数
2025-05-23 15:55:05,633 service_control_log INFO: 结束执行 __init__ 函数
2025-05-23 15:55:05,633 service_control_log INFO: 开始执行 wash_column 函数
2025-05-23 15:55:05,633 service_control_log INFO: 开始执行 get_elution_curve 函数
2025-05-23 15:57:16,804 service_control_log DEBUG: TEST: This is a debug log for service control.
2025-05-23 15:57:17,805 service_control_log INFO: 开始执行 __init__ 函数
2025-05-23 15:57:17,805 service_control_log INFO: 结束执行 __init__ 函数
2025-05-23 15:57:17,805 service_control_log INFO: 开始执行 wash_column 函数
2025-05-23 15:59:29,117 service_control_log INFO: 结束执行 wash_column 函数
2025-05-23 15:59:29,118 service_control_log INFO: 开始执行 update_line_pause 函数
2025-05-23 15:59:36,200 service_control_log INFO: 结束执行 update_line_pause 函数
2025-05-23 15:59:41,201 service_control_log INFO: 开始执行 update_line_start 函数
2025-05-23 15:59:48,334 service_control_log INFO: 结束执行 update_line_start 函数
2025-05-23 15:59:53,334 service_control_log INFO: 开始执行 start_column 函数
2025-05-23 15:59:55,391 service_control_log INFO: 开始执行 update_line_start 函数
2025-05-23 16:00:02,439 service_control_log INFO: 结束执行 update_line_start 函数
2025-05-23 16:02:09,023 service_control_log INFO: 结束执行 start_column 函数
2025-05-23 16:02:09,023 service_control_log INFO: 开始执行 select_retain_tubes 函数
2025-05-23 16:02:09,023 service_control_log INFO: 开始执行 find_clean_tubes 函数
2025-05-23 16:02:09,024 service_control_log INFO: 结束执行 find_clean_tubes 函数
2025-05-23 16:14:30,933 service_control_log DEBUG: TEST: This is a debug log for service control.
2025-05-23 16:14:31,561 service_control_log INFO: 开始执行 __init__ 函数
2025-05-23 16:14:31,561 service_control_log INFO: 结束执行 __init__ 函数
2025-05-23 16:14:31,561 service_control_log INFO: 开始执行 wash_column 函数
2025-05-23 16:16:39,748 service_control_log INFO: 结束执行 wash_column 函数
2025-05-23 16:16:39,748 service_control_log INFO: 开始执行 update_line_pause 函数
2025-05-23 16:16:46,809 service_control_log INFO: 结束执行 update_line_pause 函数
2025-05-23 16:16:51,810 service_control_log INFO: 开始执行 update_line_start 函数
2025-05-23 16:16:58,847 service_control_log INFO: 结束执行 update_line_start 函数
2025-05-23 16:17:03,848 service_control_log INFO: 开始执行 start_column 函数
2025-05-23 16:17:05,900 service_control_log INFO: 开始执行 update_line_start 函数
2025-05-23 16:17:12,934 service_control_log INFO: 结束执行 update_line_start 函数
2025-05-23 16:18:38,247 service_control_log DEBUG: TEST: This is a debug log for service control.
2025-05-23 16:18:38,940 service_control_log INFO: 开始执行 __init__ 函数
2025-05-23 16:18:38,940 service_control_log INFO: 结束执行 __init__ 函数
2025-05-23 16:18:38,940 service_control_log INFO: 开始执行 wash_column 函数
2025-05-23 16:20:47,132 service_control_log INFO: 结束执行 wash_column 函数
2025-05-23 16:20:47,132 service_control_log INFO: 开始执行 update_line_pause 函数
2025-05-23 16:20:54,213 service_control_log INFO: 结束执行 update_line_pause 函数
2025-05-23 16:20:59,214 service_control_log INFO: 开始执行 update_line_start 函数
2025-05-23 16:21:06,265 service_control_log INFO: 结束执行 update_line_start 函数
2025-05-23 16:21:11,265 service_control_log INFO: 开始执行 start_column 函数
2025-05-23 16:21:13,308 service_control_log INFO: 开始执行 update_line_start 函数
2025-05-23 16:21:20,339 service_control_log INFO: 结束执行 update_line_start 函数
2025-05-23 16:27:32,699 service_control_log DEBUG: TEST: This is a debug log for service control.
2025-05-23 16:27:33,347 service_control_log INFO: 开始执行 __init__ 函数
2025-05-23 16:27:33,347 service_control_log INFO: 结束执行 __init__ 函数
2025-05-23 16:27:33,367 service_control_log INFO: 开始执行 wash_column 函数
2025-05-23 16:27:51,570 service_control_log INFO: 结束执行 wash_column 函数
2025-05-23 16:27:51,570 service_control_log INFO: 开始执行 update_line_pause 函数
2025-05-23 16:27:58,761 service_control_log INFO: 结束执行 update_line_pause 函数
2025-05-23 16:28:15,084 service_control_log INFO: 开始执行 update_line_start 函数
2025-05-23 16:28:22,135 service_control_log INFO: 结束执行 update_line_start 函数
2025-05-23 16:28:27,135 service_control_log INFO: 开始执行 start_column 函数
2025-05-23 16:28:29,181 service_control_log INFO: 开始执行 update_line_start 函数
2025-05-23 16:28:36,218 service_control_log INFO: 结束执行 update_line_start 函数
2025-05-23 16:35:19,778 service_control_log DEBUG: TEST: This is a debug log for service control.
2025-05-23 16:35:20,402 service_control_log INFO: 开始执行 __init__ 函数
2025-05-23 16:35:20,403 service_control_log INFO: 结束执行 __init__ 函数
2025-05-23 16:35:20,424 service_control_log INFO: 开始执行 wash_column 函数
2025-05-23 16:35:38,618 service_control_log INFO: 结束执行 wash_column 函数
2025-05-23 16:35:38,618 service_control_log INFO: 开始执行 update_line_pause 函数
2025-05-23 16:35:45,686 service_control_log INFO: 结束执行 update_line_pause 函数
2025-05-23 16:36:23,026 service_control_log INFO: 开始执行 update_line_start 函数
2025-05-23 16:36:30,071 service_control_log INFO: 结束执行 update_line_start 函数
2025-05-23 16:36:35,071 service_control_log INFO: 开始执行 start_column 函数
2025-05-23 16:36:37,108 service_control_log INFO: 开始执行 update_line_start 函数
2025-05-23 16:36:44,140 service_control_log INFO: 结束执行 update_line_start 函数
2025-05-23 16:38:44,140 service_control_log INFO: 结束执行 start_column 函数
2025-05-23 16:38:44,140 service_control_log INFO: 开始执行 update_line_terminate 函数
2025-05-23 16:38:51,183 service_control_log INFO: 结束执行 update_line_terminate 函数
2025-05-23 16:38:51,183 service_control_log INFO: 开始执行 select_retain_tubes 函数
2025-05-23 16:38:51,183 service_control_log INFO: 开始执行 find_clean_tubes 函数
2025-05-23 16:38:51,184 service_control_log INFO: 结束执行 find_clean_tubes 函数
2025-05-23 16:43:45,420 service_control_log INFO: 开始执行 save_experiment_data 函数
2025-05-23 16:43:45,420 service_control_log INFO: 结束执行 save_experiment_data 函数
2025-05-23 16:45:58,295 service_control_log DEBUG: TEST: This is a debug log for service control.
2025-05-23 16:45:58,939 service_control_log INFO: 开始执行 __init__ 函数
2025-05-23 16:45:58,939 service_control_log INFO: 结束执行 __init__ 函数
2025-05-23 16:45:58,942 service_control_log INFO: 开始执行 save_experiment_data 函数
2025-05-23 16:45:58,942 service_control_log INFO: 结束执行 save_experiment_data 函数
2025-05-23 16:45:58,942 service_control_log INFO: 开始执行 execute_task 函数
2025-05-27 14:53:06,718 service_control_log DEBUG: TEST: This is a debug log for service control.
2025-05-27 14:53:09,379 service_control_log INFO: 开始执行 __init__ 函数
2025-05-27 14:53:09,380 service_control_log INFO: 结束执行 __init__ 函数
2025-05-27 14:53:50,484 service_control_log DEBUG: TEST: This is a debug log for service control.
2025-05-27 14:54:44,246 service_control_log DEBUG: TEST: This is a debug log for service control.
2025-05-27 14:54:46,289 service_control_log INFO: 开始执行 __init__ 函数
2025-05-27 14:54:46,289 service_control_log INFO: 结束执行 __init__ 函数
2025-05-27 14:55:43,563 service_control_log INFO: 开始执行 wash_column 函数
2025-05-27 14:56:03,732 service_control_log INFO: 结束执行 wash_column 函数
2025-05-27 14:56:03,732 service_control_log INFO: 开始执行 update_line_pause 函数
2025-05-27 14:56:10,792 service_control_log INFO: 结束执行 update_line_pause 函数
2025-05-27 14:57:53,536 service_control_log INFO: 开始执行 update_line_start 函数
2025-05-27 14:57:57,615 service_control_log INFO: 结束执行 update_line_start 函数
2025-05-27 14:57:57,615 service_control_log INFO: 开始执行 start_column 函数
2025-05-27 14:57:59,653 service_control_log INFO: 开始执行 update_line_start 函数
2025-05-27 14:58:03,683 service_control_log INFO: 结束执行 update_line_start 函数
2025-05-27 15:03:03,684 service_control_log INFO: 结束执行 start_column 函数
2025-05-27 15:03:03,684 service_control_log INFO: 开始执行 update_line_terminate 函数
2025-05-27 15:03:10,754 service_control_log INFO: 结束执行 update_line_terminate 函数
2025-05-27 15:03:11,758 service_control_log INFO: 开始执行 select_retain_tubes 函数
2025-05-27 15:03:11,758 service_control_log INFO: 开始执行 find_clean_tubes 函数
2025-05-27 15:03:11,759 service_control_log INFO: 结束执行 find_clean_tubes 函数
2025-05-27 15:08:31,760 service_control_log INFO: 开始执行 save_experiment_data 函数
2025-05-27 15:08:31,760 service_control_log INFO: 结束执行 save_experiment_data 函数
2025-05-27 15:08:31,760 service_control_log INFO: 开始执行 execute_task 函数
2025-05-27 15:25:34,461 service_control_log DEBUG: TEST: This is a debug log for service control.
2025-05-27 15:25:36,378 service_control_log INFO: 开始执行 __init__ 函数
2025-05-27 15:25:36,378 service_control_log INFO: 结束执行 __init__ 函数
2025-05-27 15:26:45,386 service_control_log INFO: 开始执行 wash_column 函数
2025-05-27 15:27:05,627 service_control_log INFO: 结束执行 wash_column 函数
2025-05-27 15:27:05,627 service_control_log INFO: 开始执行 update_line_pause 函数
2025-05-27 15:27:12,686 service_control_log INFO: 结束执行 update_line_pause 函数
2025-05-27 15:28:51,412 service_control_log INFO: 开始执行 update_line_start 函数
2025-05-27 15:28:55,458 service_control_log INFO: 结束执行 update_line_start 函数
2025-05-27 15:28:55,458 service_control_log INFO: 开始执行 start_column 函数
2025-05-27 15:28:57,496 service_control_log INFO: 开始执行 update_line_start 函数
2025-05-27 15:29:01,535 service_control_log INFO: 结束执行 update_line_start 函数
2025-05-27 15:34:01,535 service_control_log INFO: 结束执行 start_column 函数
2025-05-27 15:34:01,535 service_control_log INFO: 开始执行 update_line_terminate 函数
2025-05-27 15:34:08,598 service_control_log INFO: 结束执行 update_line_terminate 函数
2025-05-27 15:34:09,605 service_control_log INFO: 开始执行 select_retain_tubes 函数
2025-05-27 15:39:34,808 service_control_log INFO: 开始执行 save_experiment_data 函数
2025-05-27 15:39:34,808 service_control_log INFO: 结束执行 save_experiment_data 函数
2025-05-27 15:39:34,808 service_control_log INFO: 开始执行 execute_task 函数
2025-05-27 18:04:19,644 service_control_log DEBUG: TEST: This is a debug log for service control.
2025-05-27 18:04:23,080 service_control_log INFO: 开始执行 __init__ 函数
2025-05-27 18:04:23,080 service_control_log INFO: 结束执行 __init__ 函数
2025-05-27 18:06:16,260 service_control_log DEBUG: TEST: This is a debug log for service control.
2025-05-27 18:06:18,239 service_control_log INFO: 开始执行 __init__ 函数
2025-05-27 18:06:18,239 service_control_log INFO: 结束执行 __init__ 函数
2025-05-27 18:07:01,641 service_control_log DEBUG: TEST: This is a debug log for service control.
2025-05-27 18:07:03,552 service_control_log INFO: 开始执行 __init__ 函数
2025-05-27 18:07:03,554 service_control_log INFO: 结束执行 __init__ 函数
2025-05-27 18:23:28,476 service_control_log DEBUG: TEST: This is a debug log for service control.
2025-05-27 18:23:30,496 service_control_log INFO: 开始执行 __init__ 函数
2025-05-27 18:23:30,496 service_control_log INFO: 结束执行 __init__ 函数
